2019-10-30 09:54:36,413 [validators -> is_valid_currency_iso] ERROR: Invalid currency ISO code: CNH
2019-10-30 09:59:20,453 [validators -> is_valid_currency_iso] ERROR: Invalid currency ISO code: CNH
2019-10-30 09:59:20,453 [validators -> is_valid_currency_iso] ERROR: Invalid currency ISO code: CNH
2019-10-30 12:21:34,419 [validators -> is_valid_currency_iso] ERROR: Invalid currency ISO code: CNH
2019-10-30 12:21:34,419 [validators -> is_valid_currency_iso] ERROR: Invalid currency ISO code: CNH
2019-10-30 12:23:40,766 [validators -> is_valid_currency_iso] ERROR: Invalid currency ISO code: CNH
2019-10-30 12:23:40,766 [validators -> is_valid_currency_iso] ERROR: Invalid currency ISO code: CNH
2019-10-30 12:29:00,866 [validators -> is_valid_currency_iso] ERROR: Invalid currency ISO code: CNH
2019-10-30 12:29:00,866 [validators -> is_valid_currency_iso] ERROR: Invalid currency ISO code: CNH
2019-10-30 12:32:21,686 [validators -> is_valid_currency_iso] ERROR: Invalid currency ISO code: CNH
2019-10-30 12:32:21,686 [validators -> is_valid_currency_iso] ERROR: Invalid currency ISO code: CNH
2019-10-30 12:32:48,375 [validators -> is_valid_currency_iso] ERROR: Invalid currency ISO code: CNH
2019-10-30 12:32:48,375 [validators -> is_valid_currency_iso] ERROR: Invalid currency ISO code: CNH
2019-10-30 12:36:15,227 [validators -> is_valid_currency_iso] ERROR: Invalid currency ISO code: CNH
2019-10-30 12:36:15,227 [validators -> is_valid_currency_iso] ERROR: Invalid currency ISO code: CNH
2019-10-30 12:40:50,579 [validators -> is_valid_currency_iso] ERROR: Invalid currency ISO code: CNH
2019-10-30 12:40:50,579 [validators -> is_valid_currency_iso] ERROR: Invalid currency ISO code: CNH
2019-10-30 12:53:31,802 [validators -> is_valid_currency_iso] ERROR: Invalid currency ISO code: CNH
2019-10-30 12:53:31,802 [validators -> is_valid_currency_iso] ERROR: Invalid currency ISO code: CNH
2019-10-30 13:01:43,817 [validators -> is_valid_currency_iso] ERROR: Invalid currency ISO code: CNH
2019-10-30 13:01:43,817 [validators -> is_valid_currency_iso] ERROR: Invalid currency ISO code: CNH
2019-10-30 13:10:39,568 [validators -> is_valid_currency_iso] ERROR: Invalid currency ISO code: CNH
2019-10-30 13:10:39,568 [validators -> is_valid_currency_iso] ERROR: Invalid currency ISO code: CNH
2019-10-30 13:15:39,807 [validators -> is_valid_currency_iso] ERROR: Invalid currency ISO code: CNH
2019-10-30 13:15:39,807 [validators -> is_valid_currency_iso] ERROR: Invalid currency ISO code: CNH
2019-10-30 13:15:40,286 [validators -> is_valid_currency_iso] ERROR: Invalid currency ISO code: EUR - Euro
2019-10-30 13:15:40,286 [validators -> is_valid_currency_iso] ERROR: Invalid currency ISO code: EUR - Euro
2019-10-30 13:15:40,286 [validators -> is_valid_currency_iso] ERROR: Invalid currency ISO code: USD - US Dollar
2019-10-30 13:15:40,286 [validators -> is_valid_currency_iso] ERROR: Invalid currency ISO code: USD - US Dollar
2019-10-30 13:15:40,286 [validators -> is_valid_currency_iso] ERROR: Invalid currency ISO code: GBP - Engelske Pund
2019-10-30 13:15:40,286 [validators -> is_valid_currency_iso] ERROR: Invalid currency ISO code: GBP - Engelske Pund
2019-10-30 13:15:40,286 [validators -> is_valid_currency_iso] ERROR: Invalid currency ISO code: SEK - Svenske Kroner
2019-10-30 13:15:40,286 [validators -> is_valid_currency_iso] ERROR: Invalid currency ISO code: SEK - Svenske Kroner
2019-10-30 13:15:40,286 [validators -> is_valid_currency_iso] ERROR: Invalid currency ISO code: NOK - Norske Kroner
2019-10-30 13:15:40,286 [validators -> is_valid_currency_iso] ERROR: Invalid currency ISO code: NOK - Norske Kroner
2019-10-30 13:15:40,287 [validators -> is_valid_currency_iso] ERROR: Invalid currency ISO code: CHF - Schweiziske Franc
2019-10-30 13:15:40,287 [validators -> is_valid_currency_iso] ERROR: Invalid currency ISO code: CHF - Schweiziske Franc
2019-10-30 13:15:40,287 [validators -> is_valid_currency_iso] ERROR: Invalid currency ISO code: CAD - Canadiske Dollar
2019-10-30 13:15:40,287 [validators -> is_valid_currency_iso] ERROR: Invalid currency ISO code: CAD - Canadiske Dollar
2019-10-30 13:15:40,287 [validators -> is_valid_currency_iso] ERROR: Invalid currency ISO code: JPY - Japanske Yen
2019-10-30 13:15:40,287 [validators -> is_valid_currency_iso] ERROR: Invalid currency ISO code: JPY - Japanske Yen
2019-10-30 13:15:40,287 [validators -> is_valid_currency_iso] ERROR: Invalid currency ISO code: AUD - Australske Dollar
2019-10-30 13:15:40,287 [validators -> is_valid_currency_iso] ERROR: Invalid currency ISO code: AUD - Australske Dollar
2019-10-30 13:15:40,287 [validators -> is_valid_currency_iso] ERROR: Invalid currency ISO code: NZD - New Zealandske Dollar
2019-10-30 13:15:40,287 [validators -> is_valid_currency_iso] ERROR: Invalid currency ISO code: NZD - New Zealandske Dollar
2019-10-30 13:15:40,288 [validators -> is_valid_currency_iso] ERROR: Invalid currency ISO code: PLN - Polske Zloty
2019-10-30 13:15:40,288 [validators -> is_valid_currency_iso] ERROR: Invalid currency ISO code: PLN - Polske Zloty
2019-10-30 13:15:40,288 [validators -> is_valid_currency_iso] ERROR: Invalid currency ISO code: CZK - Tjekkisk Koruna
2019-10-30 13:15:40,288 [validators -> is_valid_currency_iso] ERROR: Invalid currency ISO code: CZK - Tjekkisk Koruna
2019-10-30 13:15:40,288 [validators -> is_valid_currency_iso] ERROR: Invalid currency ISO code: HUF - Ungarske Forinth
2019-10-30 13:15:40,288 [validators -> is_valid_currency_iso] ERROR: Invalid currency ISO code: HUF - Ungarske Forinth
2019-10-30 13:15:40,289 [validators -> is_valid_currency_iso] ERROR: Invalid currency ISO code: HKD - Hong Kong Dollar
2019-10-30 13:15:40,289 [validators -> is_valid_currency_iso] ERROR: Invalid currency ISO code: HKD - Hong Kong Dollar
2019-10-30 13:15:40,289 [validators -> is_valid_currency_iso] ERROR: Invalid currency ISO code: SGD - Singapore Dollar
2019-10-30 13:15:40,289 [validators -> is_valid_currency_iso] ERROR: Invalid currency ISO code: SGD - Singapore Dollar
2019-10-30 13:15:40,289 [validators -> is_valid_currency_iso] ERROR: Invalid currency ISO code: ZAR - Sydafrikanske Rand
2019-10-30 13:15:40,289 [validators -> is_valid_currency_iso] ERROR: Invalid currency ISO code: ZAR - Sydafrikanske Rand
2019-10-30 13:22:00,712 [validators -> is_valid_currency_iso] ERROR: Invalid currency ISO code: CNH
2019-10-30 13:22:00,712 [validators -> is_valid_currency_iso] ERROR: Invalid currency ISO code: CNH
2019-10-30 13:24:06,276 [validators -> is_valid_currency_iso] ERROR: Invalid currency ISO code: CNH
2019-10-30 13:24:06,276 [validators -> is_valid_currency_iso] ERROR: Invalid currency ISO code: CNH
2019-10-30 13:31:32,851 [validators -> is_valid_currency_iso] ERROR: Invalid currency ISO code: CNH
2019-10-30 13:31:32,851 [validators -> is_valid_currency_iso] ERROR: Invalid currency ISO code: CNH
2019-10-30 13:32:37,784 [validators -> is_valid_currency_iso] ERROR: Invalid currency ISO code: CNH
2019-10-30 13:32:37,784 [validators -> is_valid_currency_iso] ERROR: Invalid currency ISO code: CNH
2019-10-30 13:35:47,763 [validators -> is_valid_currency_iso] ERROR: Invalid currency ISO code: CNH
2019-10-30 13:35:47,763 [validators -> is_valid_currency_iso] ERROR: Invalid currency ISO code: CNH
2019-10-30 13:37:57,997 [validators -> is_valid_currency_iso] ERROR: Invalid currency ISO code: CNH
2019-10-30 13:37:57,997 [validators -> is_valid_currency_iso] ERROR: Invalid currency ISO code: CNH
2019-10-30 13:41:21,530 [validators -> is_valid_currency_iso] ERROR: Invalid currency ISO code: CNH
2019-10-30 13:41:21,530 [validators -> is_valid_currency_iso] ERROR: Invalid currency ISO code: CNH
